<?xml version="1.0" encoding="UTF-8"?>
<testng-results ignored="0" total="1" passed="1" failed="0" skipped="0">
  <reporter-output>
  </reporter-output>
  <suite started-at="2024-04-06T17:43:59 IST" name="Default suite" finished-at="2024-04-06T17:44:32 IST" duration-ms="32575">
    <groups>
    </groups>
    <test started-at="2024-04-06T17:43:59 IST" name="Default test" finished-at="2024-04-06T17:44:32 IST" duration-ms="32575">
      <class name="SampleTest">
        <test-method is-config="true" signature="setUp()[pri:0, instance:SampleTest@6340e5f0]" started-at="2024-04-06T17:44:00 IST" name="setUp" finished-at="2024-04-06T17:44:02 IST" duration-ms="2115" status="PASS">
          <reporter-output>
          </reporter-output>
        </test-method> <!-- setUp -->
        <test-method signature="testFormSubmission()[pri:0, instance:SampleTest@6340e5f0]" started-at="2024-04-06T17:44:02 IST" name="testFormSubmission" finished-at="2024-04-06T17:44:32 IST" duration-ms="30052" status="PASS">
          <reporter-output>
          </reporter-output>
        </test-method> <!-- testFormSubmission -->
        <test-method is-config="true" signature="tearDown()[pri:0, instance:SampleTest@6340e5f0]" started-at="2024-04-06T17:44:32 IST" name="tearDown" finished-at="2024-04-06T17:44:32 IST" duration-ms="327" status="PASS">
          <reporter-output>
          </reporter-output>
        </test-method> <!-- tearDown -->
      </class> <!-- SampleTest -->
    </test> <!-- Default test -->
  </suite> <!-- Default suite -->
</testng-results>
